# JRE version: OpenJDK Runtime Environment Microsoft-8035246 (17.0.8+7) (build 17.0.8+7-LTS)
# Java VM: OpenJDK 64-Bit Server VM Microsoft-8035246 (17.0.8+7-LTS, mixed mode, sharing, tiered, compressed oops, compressed class ptrs, g1 gc, windows-amd64)
GC Precious Log:
 CPUs: 12 total, 12 available
 Memory: 16077M
 Large Page Support: Disabled
 NUMA Support: Disabled
 Compressed Oops: Enabled (32-bit)
 Heap Region Size: 1M
 Heap Min Capacity: 8M
 Heap Initial Capacity: 252M
 Heap Max Capacity: 2G
 Pre-touch: Disabled
 Parallel Workers: 10
 Concurrent Workers: 3
 Concurrent Refinement Workers: 10
 Periodic GC: Disabled
Heap:
 garbage-first heap   total 287744K, used 222745K [0x0000000080000000, 0x0000000100000000)
  region size 1024K, 29 young (29696K), 4 survivors (4096K)
 Metaspace       used 108611K, committed 109632K, reserved 557056K
  class space    used 15009K, committed 15488K, reserved 425984K
GC Heap History (20 events):
Event: 72.415 GC heap before
{Heap before GC invocations=41 (full 0):
 garbage-first heap   total 239616K, used 201437K [0x0000000080000000, 0x0000000100000000)
  region size 1024K, 41 young (41984K), 4 survivors (4096K)
 Metaspace       used 104013K, committed 105024K, reserved 557056K
  class space    used 14446K, committed 14912K, reserved 425984K
}
Event: 72.420 GC heap after
{Heap after GC invocations=42 (full 0):
 garbage-first heap   total 239616K, used 167879K [0x0000000080000000, 0x0000000100000000)
  region size 1024K, 6 young (6144K), 6 survivors (6144K)
 Metaspace       used 104013K, committed 105024K, reserved 557056K
  class space    used 14446K, committed 14912K, reserved 425984K
}
Event: 72.780 GC heap before
{Heap before GC invocations=42 (full 0):
 garbage-first heap   total 239616K, used 202695K [0x0000000080000000, 0x0000000100000000)
  region size 1024K, 40 young (40960K), 6 survivors (6144K)
 Metaspace       used 104501K, committed 105536K, reserved 557056K
  class space    used 14494K, committed 14976K, reserved 425984K
}
Event: 72.785 GC heap after
{Heap after GC invocations=43 (full 0):
 garbage-first heap   total 239616K, used 171975K [0x0000000080000000, 0x0000000100000000)
  region size 1024K, 4 young (4096K), 4 survivors (4096K)
 Metaspace       used 104501K, committed 105536K, reserved 557056K
  class space    used 14494K, committed 14976K, reserved 425984K
}
Event: 73.039 GC heap before
{Heap before GC invocations=43 (full 0):
 garbage-first heap   total 239616K, used 203719K [0x0000000080000000, 0x0000000100000000)
  region size 1024K, 35 young (35840K), 4 survivors (4096K)
 Metaspace       used 104879K, committed 105856K, reserved 557056K
  class space    used 14529K, committed 14976K, reserved 425984K
}
Event: 73.043 GC heap after
{Heap after GC invocations=44 (full 0):
 garbage-first heap   total 239616K, used 175555K [0x0000000080000000, 0x0000000100000000)
  region size 1024K, 4 young (4096K), 4 survivors (4096K)
 Metaspace       used 104879K, committed 105856K, reserved 557056K
  class space    used 14529K, committed 14976K, reserved 425984K
}
Event: 73.293 GC heap before
{Heap before GC invocations=44 (full 0):
 garbage-first heap   total 239616K, used 203203K [0x0000000080000000, 0x0000000100000000)
  region size 1024K, 32 young (32768K), 4 survivors (4096K)
 Metaspace       used 105984K, committed 107008K, reserved 557056K
  class space    used 14619K, committed 15104K, reserved 425984K
}
Event: 73.298 GC heap after
{Heap after GC invocations=45 (full 0):
 garbage-first heap   total 239616K, used 180212K [0x0000000080000000, 0x0000000100000000)
  region size 1024K, 4 young (4096K), 4 survivors (4096K)
 Metaspace       used 105984K, committed 107008K, reserved 557056K
  class space    used 14619K, committed 15104K, reserved 425984K
}
Event: 73.571 GC heap before
{Heap before GC invocations=45 (full 0):
 garbage-first heap   total 239616K, used 208883K [0x0000000080000000, 0x0000000100000000)
  region size 1024K, 28 young (28672K), 4 survivors (4096K)
 Metaspace       used 107626K, committed 108672K, reserved 557056K
  class space    used 14903K, committed 15424K, reserved 425984K
}
Event: 73.575 GC heap after
{Heap after GC invocations=46 (full 0):
 garbage-first heap   total 239616K, used 182163K [0x0000000080000000, 0x0000000100000000)
  region size 1024K, 2 young (2048K), 2 survivors (2048K)
 Metaspace       used 107626K, committed 108672K, reserved 557056K
  class space    used 14903K, committed 15424K, reserved 425984K
}
Event: 73.769 GC heap before
{Heap before GC invocations=46 (full 0):
 garbage-first heap   total 239616K, used 204691K [0x0000000080000000, 0x0000000100000000)
  region size 1024K, 25 young (25600K), 2 survivors (2048K)
 Metaspace       used 107822K, committed 108864K, reserved 557056K
  class space    used 14910K, committed 15424K, reserved 425984K
}
Event: 73.772 GC heap after
{Heap after GC invocations=47 (full 0):
 garbage-first heap   total 239616K, used 182569K [0x0000000080000000, 0x0000000100000000)
  region size 1024K, 3 young (3072K), 3 survivors (3072K)
 Metaspace       used 107822K, committed 108864K, reserved 557056K
  class space    used 14910K, committed 15424K, reserved 425984K
}
Event: 73.995 GC heap before
{Heap before GC invocations=47 (full 0):
 garbage-first heap   total 239616K, used 205097K [0x0000000080000000, 0x0000000100000000)
  region size 1024K, 26 young (26624K), 3 survivors (3072K)
 Metaspace       used 108383K, committed 109376K, reserved 557056K
  class space    used 15004K, committed 15488K, reserved 425984K
}
Event: 73.998 GC heap after
{Heap after GC invocations=48 (full 0):
 garbage-first heap   total 239616K, used 184462K [0x0000000080000000, 0x0000000100000000)
  region size 1024K, 4 young (4096K), 4 survivors (4096K)
 Metaspace       used 108383K, committed 109376K, reserved 557056K
  class space    used 15004K, committed 15488K, reserved 425984K
}
Event: 74.145 GC heap before
{Heap before GC invocations=48 (full 0):
 garbage-first heap   total 239616K, used 205966K [0x0000000080000000, 0x0000000100000000)
  region size 1024K, 26 young (26624K), 4 survivors (4096K)
 Metaspace       used 108482K, committed 109568K, reserved 557056K
  class space    used 15005K, committed 15488K, reserved 425984K
}
Event: 74.149 GC heap after
{Heap after GC invocations=49 (full 0):
 garbage-first heap   total 239616K, used 187260K [0x0000000080000000, 0x0000000100000000)
  region size 1024K, 4 young (4096K), 4 survivors (4096K)
 Metaspace       used 108482K, committed 109568K, reserved 557056K
  class space    used 15005K, committed 15488K, reserved 425984K
}
Event: 74.275 GC heap before
{Heap before GC invocations=49 (full 0):
 garbage-first heap   total 239616K, used 207740K [0x0000000080000000, 0x0000000100000000)
  region size 1024K, 24 young (24576K), 4 survivors (4096K)
 Metaspace       used 108490K, committed 109568K, reserved 557056K
  class space    used 15005K, committed 15488K, reserved 425984K
}
Event: 74.278 GC heap after
{Heap after GC invocations=50 (full 0):
 garbage-first heap   total 287744K, used 188898K [0x0000000080000000, 0x0000000100000000)
  region size 1024K, 2 young (2048K), 2 survivors (2048K)
 Metaspace       used 108490K, committed 109568K, reserved 557056K
  class space    used 15005K, committed 15488K, reserved 425984K
}
Event: 74.860 GC heap before
{Heap before GC invocations=50 (full 0):
 garbage-first heap   total 287744K, used 238050K [0x0000000080000000, 0x0000000100000000)
  region size 1024K, 50 young (51200K), 2 survivors (2048K)
 Metaspace       used 108517K, committed 109568K, reserved 557056K
  class space    used 15006K, committed 15488K, reserved 425984K
}
Event: 74.865 GC heap after
{Heap after GC invocations=51 (full 0):
 garbage-first heap   total 287744K, used 191001K [0x0000000080000000, 0x0000000100000000)
  region size 1024K, 4 young (4096K), 4 survivors (4096K)
 Metaspace       used 108517K, committed 109568K, reserved 557056K
  class space    used 15006K, committed 15488K, reserved 425984K
}

